Using pre-set license
Built from '2020.3/staging' branch; Version is '2020.3.24f1 (79c78de19888) revision 7980941'; Using compiler version '192528614'; Build Type 'Release'
OS: 'Windows 10  (10.0.19043) 64bit Professional' Language: 'en' Physical Memory: 8126 MB
BatchMode: 1, IsHumanControllingUs: 0, StartBugReporterOnCrash: 0, Is64bit: 1, IsPro: 0

COMMAND LINE ARGUMENTS:
C:\Program Files\Unity\Hub\Editor\2020.3.24f1\Editor\Unity.exe
-adb2
-batchMode
-noUpm
-name
AssetImportWorker0
-projectPath
C:/Users/domin/Desktop/UnityProjects/FlappyBird/FlappyBird
-logFile
Logs/AssetImportWorker0.log
-srvPort
59293
Successfully changed project path to: C:/Users/domin/Desktop/UnityProjects/FlappyBird/FlappyBird
C:/Users/domin/Desktop/UnityProjects/FlappyBird/FlappyBird
Using Asset Import Pipeline V2.
Refreshing native plugins compatible for Editor in 59.99 ms, found 3 plugins.
Preloading 0 native plugins for Editor in 0.00 ms.
Initialize engine version: 2020.3.24f1 (79c78de19888)
[Subsystems] Discovering subsystems at path C:/Program Files/Unity/Hub/Editor/2020.3.24f1/Editor/Data/Resources/UnitySubsystems
[Subsystems] Discovering subsystems at path C:/Users/domin/Desktop/UnityProjects/FlappyBird/FlappyBird/Assets
GfxDevice: creating device client; threaded=0
Direct3D:
    Version:  Direct3D 11.0 [level 11.1]
    Renderer: NVIDIA GeForce GTX 1660 (ID=0x2184)
    Vendor:   
    VRAM:     5991 MB
    Driver:   27.21.14.5671
Initialize mono
Mono path[0] = 'C:/Program Files/Unity/Hub/Editor/2020.3.24f1/Editor/Data/Managed'
Mono path[1] = 'C:/Program Files/Unity/Hub/Editor/2020.3.24f1/Editor/Data/MonoBleedingEdge/lib/mono/unityjit'
Mono config path = 'C:/Program Files/Unity/Hub/Editor/2020.3.24f1/Editor/Data/MonoBleedingEdge/etc'
Using monoOptions --debugger-agent=transport=dt_socket,embedding=1,server=y,suspend=n,address=127.0.0.1:56088
Begin MonoManager ReloadAssembly
Registering precompiled unity dll's ...
Register platform support module: C:/Program Files/Unity/Hub/Editor/2020.3.24f1/Editor/Data/PlaybackEngines/MacStandaloneSupport/UnityEditor.OSXStandalone.Extensions.dll
Register platform support module: C:/Program Files/Unity/Hub/Editor/2020.3.24f1/Editor/Data/PlaybackEngines/WindowsStandaloneSupport/UnityEditor.WindowsStandalone.Extensions.dll
Register platform support module: C:/Program Files/Unity/Hub/Editor/2020.3.24f1/Editor/Data/PlaybackEngines/LinuxStandaloneSupport/UnityEditor.LinuxStandalone.Extensions.dll
Registered in 0.007481 seconds.
Native extension for LinuxStandalone target not found
Native extension for WindowsStandalone target not found
Native extension for OSXStandalone target not found
Refreshing native plugins compatible for Editor in 43.70 ms, found 3 plugins.
Preloading 0 native plugins for Editor in 0.00 ms.
Mono: successfully reloaded assembly
- Completed reload, in  0.669 seconds
Domain Reload Profiling:
	ReloadAssembly (669ms)
		BeginReloadAssembly (64ms)
			ExecutionOrderSort (0ms)
			DisableScriptedObjects (0ms)
			BackupInstance (0ms)
			ReleaseScriptingObjects (0ms)
			CreateAndSetChildDomain (1ms)
		EndReloadAssembly (519ms)
			LoadAssemblies (63ms)
			RebuildTransferFunctionScriptingTraits (0ms)
			SetupTypeCache (159ms)
			ReleaseScriptCaches (0ms)
			RebuildScriptCaches (36ms)
			SetupLoadedEditorAssemblies (200ms)
				LogAssemblyErrors (0ms)
				InitializePlatformSupportModulesInManaged (9ms)
				SetLoadedEditorAssemblies (1ms)
				RefreshPlugins (44ms)
				BeforeProcessingInitializeOnLoad (13ms)
				ProcessInitializeOnLoadAttributes (87ms)
				ProcessInitializeOnLoadMethodAttributes (47ms)
				AfterProcessingInitializeOnLoad (0ms)
				EditorAssembliesLoaded (0ms)
			ExecutionOrderSort2 (0ms)
			AwakeInstancesAfterBackupRestoration (0ms)
Platform modules already initialized, skipping
Registering precompiled user dll's ...
Registered in 0.019795 seconds.
Begin MonoManager ReloadAssembly
Native extension for LinuxStandalone target not found
Native extension for WindowsStandalone target not found
Native extension for OSXStandalone target not found
Refreshing native plugins compatible for Editor in 73.19 ms, found 3 plugins.
Preloading 0 native plugins for Editor in 0.00 ms.
Mono: successfully reloaded assembly
- Completed reload, in  1.817 seconds
Domain Reload Profiling:
	ReloadAssembly (1819ms)
		BeginReloadAssembly (159ms)
			ExecutionOrderSort (0ms)
			DisableScriptedObjects (5ms)
			BackupInstance (0ms)
			ReleaseScriptingObjects (0ms)
			CreateAndSetChildDomain (22ms)
		EndReloadAssembly (1587ms)
			LoadAssemblies (140ms)
			RebuildTransferFunctionScriptingTraits (0ms)
			SetupTypeCache (329ms)
			ReleaseScriptCaches (1ms)
			RebuildScriptCaches (64ms)
			SetupLoadedEditorAssemblies (895ms)
				LogAssemblyErrors (0ms)
				InitializePlatformSupportModulesInManaged (7ms)
				SetLoadedEditorAssemblies (0ms)
				RefreshPlugins (73ms)
				BeforeProcessingInitializeOnLoad (338ms)
				ProcessInitializeOnLoadAttributes (420ms)
				ProcessInitializeOnLoadMethodAttributes (39ms)
				AfterProcessingInitializeOnLoad (16ms)
				EditorAssembliesLoaded (0ms)
			ExecutionOrderSort2 (0ms)
			AwakeInstancesAfterBackupRestoration (14ms)
Platform modules already initialized, skipping
========================================================================
Worker process is ready to serve import requests
Launched and connected shader compiler UnityShaderCompiler.exe after 0.16 seconds
Refreshing native plugins compatible for Editor in 1.18 ms, found 3 plugins.
Preloading 0 native plugins for Editor in 0.00 ms.
Unloading 2296 Unused Serialized files (Serialized files now loaded: 0)
System memory in use before: 98.8 MB.
System memory in use after: 99.0 MB.

Unloading 41 unused Assets to reduce memory usage. Loaded Objects now: 2716.
Total: 6.384400 ms (FindLiveObjects: 0.425100 ms CreateObjectMapping: 0.126900 ms MarkObjects: 5.706000 ms  DeleteObjects: 0.124200 ms)

AssetImportParameters requested are different than current active one (requested -> active):
  custom:framework-win-MediaFoundation: 216162199b28c13a410421893ffa2e32 -> 
  custom:video-decoder-ogg-theora: a1e56fd34408186e4bbccfd4996cb3dc -> 
  custom:container-muxer-webm: aa71ff27fc2769a1b78a27578f13a17b -> 
  custom:container-demuxer-webm: 4f35f7cbe854078d1ac9338744f61a02 -> 
  custom:container-demuxer-ogg: 62fdf1f143b41e24485cea50d1cbac27 -> 
  custom:video-encoder-webm-vp8: eb34c28f22e8b96e1ab97ce403110664 -> 
  custom:video-decoder-webm-vp8: 9c59270c3fd7afecdb556c50c9e8de78 -> 
  custom:audio-decoder-ogg-vorbis: bf7c407c2cedff20999df2af8eb42d56 -> 
  custom:audio-encoder-webm-vorbis: bf7c407c2cedff20999df2af8eb42d56 -> 
========================================================================
Received Import Request.
  path: Assets
  artifactKey: Guid(00000000000000001000000000000000) Importer(815301076,1909f56bfc062723c751e8b465ee728b)
Start importing Assets using Guid(00000000000000001000000000000000) Importer(815301076,1909f56bfc062723c751e8b465ee728b)  -> (artifact id: '42d402b061de3733987d63b9cc3b64de') in 0.023857 seconds 
  Import took 0.031239 seconds .

========================================================================
Received Import Request.
  Time since last request: 0.000551 seconds.
  path: Assets/Scenes
  artifactKey: Guid(bbbc74fad6ed1d243aee6102298f428b) Importer(815301076,1909f56bfc062723c751e8b465ee728b)
Start importing Assets/Scenes using Guid(bbbc74fad6ed1d243aee6102298f428b) Importer(815301076,1909f56bfc062723c751e8b465ee728b)  -> (artifact id: 'e2f5d9c482259fc97b3f344a61ab00ed') in 0.012809 seconds 
  Import took 0.020513 seconds .

========================================================================
Received Import Request.
  Time since last request: 3.917718 seconds.
  path: Assets/Mobile - Flappy Bird - Version 12 Sprites.png
  artifactKey: Guid(44e702a636510734aa745efe72517cbb) Importer(815301076,1909f56bfc062723c751e8b465ee728b)
Start importing Assets/Mobile - Flappy Bird - Version 12 Sprites.png using Guid(44e702a636510734aa745efe72517cbb) Importer(815301076,1909f56bfc062723c751e8b465ee728b)  -> (artifact id: 'e1ca88e4ed95ec88d2e9a8b4c72b79e4') in 0.183959 seconds 
  Import took 0.188116 seconds .

========================================================================
Received Import Request.
  Time since last request: 96.175937 seconds.
  path: Assets/Mobile - Flappy Bird - Version 12 Sprites.png
  artifactKey: Guid(44e702a636510734aa745efe72517cbb) Importer(815301076,1909f56bfc062723c751e8b465ee728b)
Start importing Assets/Mobile - Flappy Bird - Version 12 Sprites.png using Guid(44e702a636510734aa745efe72517cbb) Importer(815301076,1909f56bfc062723c751e8b465ee728b)  -> (artifact id: 'e6f85f7878590c1d7d7ddbe96f2f7f6c') in 0.017134 seconds 
  Import took 0.023747 seconds .

========================================================================
Received Import Request.
  Time since last request: 66.288988 seconds.
  path: Assets/Mobile - Flappy Bird - Version 12 Sprites.png
  artifactKey: Guid(44e702a636510734aa745efe72517cbb) Importer(815301076,1909f56bfc062723c751e8b465ee728b)
Start importing Assets/Mobile - Flappy Bird - Version 12 Sprites.png using Guid(44e702a636510734aa745efe72517cbb) Importer(815301076,1909f56bfc062723c751e8b465ee728b)  -> (artifact id: 'd8160882aa939e4957152241f99c57dc') in 0.195854 seconds 
  Import took 0.200504 seconds .

========================================================================
Received Import Request.
  Time since last request: 34.053024 seconds.
  path: Assets/Sprites.png
  artifactKey: Guid(44e702a636510734aa745efe72517cbb) Importer(815301076,1909f56bfc062723c751e8b465ee728b)
Start importing Assets/Sprites.png using Guid(44e702a636510734aa745efe72517cbb) Importer(815301076,1909f56bfc062723c751e8b465ee728b)  -> (artifact id: '82977c0ff0b83ee375134a14829731ea') in 0.206403 seconds 
  Import took 0.210866 seconds .

========================================================================
Received Import Request.
  Time since last request: 8.848875 seconds.
  path: Assets/Editor
  artifactKey: Guid(d98ad1674ee8d5040ad22d07feddcab5) Importer(815301076,1909f56bfc062723c751e8b465ee728b)
Start importing Assets/Editor using Guid(d98ad1674ee8d5040ad22d07feddcab5) Importer(815301076,1909f56bfc062723c751e8b465ee728b)  -> (artifact id: '40fef55b648584d5cae54ceb68e57337') in 0.011477 seconds 
  Import took 0.018932 seconds .

========================================================================
Received Import Request.
  Time since last request: 45.748998 seconds.
  path: Assets/Sprites.png
  artifactKey: Guid(44e702a636510734aa745efe72517cbb) Importer(815301076,1909f56bfc062723c751e8b465ee728b)
Start importing Assets/Sprites.png using Guid(44e702a636510734aa745efe72517cbb) Importer(815301076,1909f56bfc062723c751e8b465ee728b)  -> (artifact id: 'c834c2a0ff401753198b25e42e2c8aa8') in 0.170135 seconds 
  Import took 0.175070 seconds .

========================================================================
Received Import Request.
  Time since last request: 3.399067 seconds.
  path: Assets/Sprites.png
  artifactKey: Guid(44e702a636510734aa745efe72517cbb) Importer(815301076,1909f56bfc062723c751e8b465ee728b)
Start importing Assets/Sprites.png using Guid(44e702a636510734aa745efe72517cbb) Importer(815301076,1909f56bfc062723c751e8b465ee728b)  -> (artifact id: '891fe58ade88a3ecb51e9e891785cea3') in 0.165298 seconds 
  Import took 0.169577 seconds .

========================================================================
Received Import Request.
  Time since last request: 55.156495 seconds.
  path: Assets/Sprites.png
  artifactKey: Guid(44e702a636510734aa745efe72517cbb) Importer(815301076,1909f56bfc062723c751e8b465ee728b)
Start importing Assets/Sprites.png using Guid(44e702a636510734aa745efe72517cbb) Importer(815301076,1909f56bfc062723c751e8b465ee728b)  -> (artifact id: '20a4929517f45f53930fb97138de5664') in 0.184152 seconds 
  Import took 0.189177 seconds .

========================================================================
Received Import Request.
  Time since last request: 94.029189 seconds.
  path: Assets/Mobile - Flappy Bird - Version 12 Sprites.png
  artifactKey: Guid(c82461e9b328fb340bc465f96c92ee1f) Importer(815301076,1909f56bfc062723c751e8b465ee728b)
Start importing Assets/Mobile - Flappy Bird - Version 12 Sprites.png using Guid(c82461e9b328fb340bc465f96c92ee1f) Importer(815301076,1909f56bfc062723c751e8b465ee728b)  -> (artifact id: 'adfc25318eaeaef6b39ff30b85a75378') in 0.018142 seconds 
  Import took 0.023367 seconds .

========================================================================
Received Import Request.
  Time since last request: 27.594386 seconds.
  path: Assets/Mobile - Flappy Bird - Version 12 Sprites.png
  artifactKey: Guid(c82461e9b328fb340bc465f96c92ee1f) Importer(815301076,1909f56bfc062723c751e8b465ee728b)
Start importing Assets/Mobile - Flappy Bird - Version 12 Sprites.png using Guid(c82461e9b328fb340bc465f96c92ee1f) Importer(815301076,1909f56bfc062723c751e8b465ee728b)  -> (artifact id: '543d33144b5da29da6ba75b8e6d8a604') in 0.016007 seconds 
  Import took 0.020559 seconds .

========================================================================
Received Import Request.
  Time since last request: 60.918098 seconds.
  path: Assets/Mobile - Flappy Bird - Version 12 Sprites.png
  artifactKey: Guid(c82461e9b328fb340bc465f96c92ee1f) Importer(815301076,1909f56bfc062723c751e8b465ee728b)
Start importing Assets/Mobile - Flappy Bird - Version 12 Sprites.png using Guid(c82461e9b328fb340bc465f96c92ee1f) Importer(815301076,1909f56bfc062723c751e8b465ee728b)  -> (artifact id: 'bb9290fb118a0fb8476ad998d70bea37') in 0.018610 seconds 
  Import took 0.023301 seconds .

========================================================================
Received Import Request.
  Time since last request: 21.112318 seconds.
  path: Assets/Mobile - Flappy Bird - Version 12 Sprites.png
  artifactKey: Guid(c82461e9b328fb340bc465f96c92ee1f) Importer(815301076,1909f56bfc062723c751e8b465ee728b)
Start importing Assets/Mobile - Flappy Bird - Version 12 Sprites.png using Guid(c82461e9b328fb340bc465f96c92ee1f) Importer(815301076,1909f56bfc062723c751e8b465ee728b)  -> (artifact id: '08c20f74fd6c823a933c9f987fd2451e') in 0.018898 seconds 
  Import took 0.023103 seconds .

========================================================================
Received Import Request.
  Time since last request: 3295.411835 seconds.
  path: Assets/Mobile - Flappy Bird - Version 12 Sprites.png
  artifactKey: Guid(c82461e9b328fb340bc465f96c92ee1f) Importer(815301076,1909f56bfc062723c751e8b465ee728b)
Start importing Assets/Mobile - Flappy Bird - Version 12 Sprites.png using Guid(c82461e9b328fb340bc465f96c92ee1f) Importer(815301076,1909f56bfc062723c751e8b465ee728b)  -> (artifact id: '526a46efba44771c4d4051171112316a') in 0.038214 seconds 
  Import took 0.042935 seconds .

========================================================================
Received Import Request.
  Time since last request: 15.810132 seconds.
  path: Assets/Mobile - Flappy Bird - Version 12 Sprites.png
  artifactKey: Guid(c82461e9b328fb340bc465f96c92ee1f) Importer(815301076,1909f56bfc062723c751e8b465ee728b)
Start importing Assets/Mobile - Flappy Bird - Version 12 Sprites.png using Guid(c82461e9b328fb340bc465f96c92ee1f) Importer(815301076,1909f56bfc062723c751e8b465ee728b)  -> (artifact id: '1c5d2a99b0694400d21996a5bb11114b') in 0.022351 seconds 
  Import took 0.026773 seconds .

========================================================================
Received Import Request.
  Time since last request: 644.420806 seconds.
  path: Assets/Mobile - Flappy Bird - Version 12 Sprites.png
  artifactKey: Guid(c82461e9b328fb340bc465f96c92ee1f) Importer(815301076,1909f56bfc062723c751e8b465ee728b)
Start importing Assets/Mobile - Flappy Bird - Version 12 Sprites.png using Guid(c82461e9b328fb340bc465f96c92ee1f) Importer(815301076,1909f56bfc062723c751e8b465ee728b)  -> (artifact id: '21728cbbdf40c073fc1c56f26e01a541') in 0.177860 seconds 
  Import took 0.182852 seconds .

